<?xml version="1.0" encoding="UTF-8" ?>
<testsuite tests="4" failures="0" name="integrationtests.WebCalculatorTest" time="0.938" errors="0" skipped="0">
  <properties>
[...]
</properties>
  <testcase classname="integrationtests.WebCalculatorTest" name="addWebTest" time="0.922"/>
  <testcase classname="integrationtests.WebCalculatorTest" name="divWebTest" time="0"/>
  <testcase classname="integrationtests.WebCalculatorTest" name="subWebTest" time="0"/>
  <testcase classname="integrationtests.WebCalculatorTest" name="mulWebTest" time="0.016"/>
</testsuite>